<?xml version="1.0" encoding="UTF-8"?>
<!-- Generated by org.testng.reporters.JUnitReportReporter -->
<testsuite hostname="DESKTOP-IP7TE20" failures="0" tests="1" name="com.parabank.tests.TC004_VerifyLoginFailureWithEmptyUsernameTest" time="1.171" errors="0" timestamp="2025-05-18T13:48:06 IST" skipped="0">
  <testcase classname="com.parabank.tests.TC004_VerifyLoginFailureWithEmptyUsernameTest" name="Verify_login_failure_with_empty_username" time="1.171"/>
  <system-out/>
</testsuite> <!-- com.parabank.tests.TC004_VerifyLoginFailureWithEmptyUsernameTest -->
