<?xml version="1.0" encoding="UTF-8"?>
<!-- Generated by org.testng.reporters.JUnitReportReporter -->
<testsuite hostname="DESKTOP-IP7TE20" failures="0" tests="1" name="com.parabank.tests.TC002_RegistrationOfNewUserTest" time="4.284" errors="0" timestamp="2025-05-18T13:48:06 IST" skipped="0">
  <testcase classname="com.parabank.tests.TC002_RegistrationOfNewUserTest" name="Registration_of_new_user" time="4.284"/>
  <system-out/>
</testsuite> <!-- com.parabank.tests.TC002_RegistrationOfNewUserTest -->
