<?xml version="1.0" encoding="UTF-8"?>
<!-- Generated by org.testng.reporters.JUnitReportReporter -->
<testsuite hostname="DESKTOP-IP7TE20" failures="0" tests="1" name="com.parabank.tests.TC008_VerifyLoginWithBlankFieldsTest" time="1.567" errors="0" timestamp="2025-07-23T19:10:33 IST" skipped="0">
  <testcase classname="com.parabank.tests.TC008_VerifyLoginWithBlankFieldsTest" name="verifyLoginWithBlankFields" time="1.567"/>
  <system-out/>
</testsuite> <!-- com.parabank.tests.TC008_VerifyLoginWithBlankFieldsTest -->
