<?xml version="1.0" encoding="UTF-8"?>
<!-- Generated by org.testng.reporters.JUnitReportReporter -->
<testsuite hostname="DESKTOP-IP7TE20" failures="0" tests="1" name="com.parabank.tests.TC001_VerifyLogoTest" time="0.888" errors="0" timestamp="2025-05-05T19:22:31 IST" skipped="0">
  <testcase classname="com.parabank.tests.TC001_VerifyLogoTest" name="Verify_Logo" time="0.888"/>
  <system-out/>
</testsuite> <!-- com.parabank.tests.TC001_VerifyLogoTest -->
