<?xml version="1.0" encoding="UTF-8"?>
<!-- Generated by org.testng.reporters.JUnitReportReporter -->
<testsuite hostname="DESKTOP-IP7TE20" failures="0" tests="1" name="com.parabank.tests.TC007_VerifySuccessfulLogoutTest" time="3.194" errors="0" timestamp="2025-05-05T19:22:31 IST" skipped="0">
  <testcase classname="com.parabank.tests.TC007_VerifySuccessfulLogoutTest" name="Verify_successful_logout" time="3.194"/>
  <system-out/>
</testsuite> <!-- com.parabank.tests.TC007_VerifySuccessfulLogoutTest -->
