<?xml version="1.0" encoding="UTF-8"?>
<!-- Generated by org.testng.reporters.JUnitReportReporter -->
<testsuite hostname="DESKTOP-IP7TE20" failures="0" tests="1" name="testCases.TC_003_User_login_with_valid_credentials" time="3.275" errors="0" timestamp="2025-04-29T12:15:39 IST" skipped="0">
  <testcase classname="testCases.TC_003_User_login_with_valid_credentials" name="User_login_with_valid_credentials" time="3.275"/>
</testsuite> <!-- testCases.TC_003_User_login_with_valid_credentials -->
