<?xml version="1.0" encoding="UTF-8"?>
<!-- Generated by org.testng.reporters.JUnitReportReporter -->
<testsuite hostname="DESKTOP-IP7TE20" failures="0" tests="1" name="testCases.TC_001_Verify_Logo" time="0.646" errors="0" timestamp="2025-04-29T12:15:39 IST" skipped="0">
  <testcase classname="testCases.TC_001_Verify_Logo" name="Verify_Logo" time="0.646"/>
</testsuite> <!-- testCases.TC_001_Verify_Logo -->
