<?xml version="1.0" encoding="UTF-8"?>
<!-- Generated by org.testng.reporters.JUnitReportReporter -->
<testsuite hostname="DESKTOP-IP7TE20" failures="0" tests="1" name="testCases.TC_002_Registration_of_new_user" time="9.298" errors="0" timestamp="2025-04-29T12:15:39 IST" skipped="0">
  <testcase classname="testCases.TC_002_Registration_of_new_user" name="Registration_of_new_user" time="9.298"/>
</testsuite> <!-- testCases.TC_002_Registration_of_new_user -->
